<?xml version="1.0" encoding="UTF-8"?>
<testsuite xmlns:xsi="http://www.w3.org/2001/XMLSchema-instance" xsi:noNamespaceSchemaLocation="https://maven.apache.org/surefire/maven-surefire-plugin/xsd/surefire-test-report.xsd" name="com.mycompany.app.TemperatureConverterTest" time="0.001" tests="3" errors="0" skipped="0" failures="0">
  <properties>
[...]
</properties>
  <testcase name="testeSuccess2" classname="com.mycompany.app.TemperatureConverterTest" time="0"/>
  <testcase name="testeSuccess" classname="com.mycompany.app.TemperatureConverterTest" time="0"/>
  <testcase name="testeFailure" classname="com.mycompany.app.TemperatureConverterTest" time="0"/>
</testsuite>